15:50:15.157 [TestNG-tests-1] DEBUG io.netty.util.internal.PlatformDependent0 - -Dio.netty.noUnsafe: false
15:50:15.165 [TestNG-tests-1] DEBUG io.netty.util.internal.PlatformDependent0 - Java version: 8
15:50:15.167 [TestNG-tests-1] DEBUG io.netty.util.internal.PlatformDependent0 - sun.misc.Unsafe.theUnsafe: available
15:50:15.167 [TestNG-tests-1] DEBUG io.netty.util.internal.PlatformDependent0 - sun.misc.Unsafe.copyMemory: available
15:50:15.168 [TestNG-tests-1] DEBUG io.netty.util.internal.PlatformDependent0 - java.nio.Buffer.address: available
15:50:15.169 [TestNG-tests-1] DEBUG io.netty.util.internal.PlatformDependent0 - direct buffer constructor: available
15:50:15.172 [TestNG-tests-1] DEBUG io.netty.util.internal.PlatformDependent0 - java.nio.Bits.unaligned: available, true
15:50:15.172 [TestNG-tests-1] DEBUG io.netty.util.internal.PlatformDependent0 - jdk.internal.misc.Unsafe.allocateUninitializedArray(int): unavailable prior to Java9
15:50:15.172 [TestNG-tests-1] DEBUG io.netty.util.internal.PlatformDependent0 - java.nio.DirectByteBuffer.<init>(long, int): available
15:50:15.172 [TestNG-tests-1] DEBUG io.netty.util.internal.PlatformDependent - sun.misc.Unsafe: available
15:50:15.173 [TestNG-tests-1] DEBUG io.netty.util.internal.PlatformDependent - -Dio.netty.tmpdir: C:\Users\kmanu\AppData\Local\Temp (java.io.tmpdir)
15:50:15.173 [TestNG-tests-1] DEBUG io.netty.util.internal.PlatformDependent - -Dio.netty.bitMode: 64 (sun.arch.data.model)
15:50:15.176 [TestNG-tests-1] DEBUG io.netty.util.internal.PlatformDependent - -Dio.netty.maxDirectMemory: 1877475328 bytes
15:50:15.176 [TestNG-tests-1] DEBUG io.netty.util.internal.PlatformDependent - -Dio.netty.uninitializedArrayAllocationThreshold: -1
15:50:15.178 [TestNG-tests-1] DEBUG io.netty.util.internal.CleanerJava6 - java.nio.ByteBuffer.cleaner(): available
15:50:15.178 [TestNG-tests-1] DEBUG io.netty.util.internal.PlatformDependent - -Dio.netty.noPreferDirect: false
15:50:15.188 [TestNG-tests-1] DEBUG io.netty.util.internal.PlatformDependent - org.jctools-core.MpscChunkedArrayQueue: available
15:50:15.216 [TestNG-tests-1] DEBUG io.netty.util.internal.InternalThreadLocalMap - -Dio.netty.threadLocalMap.stringBuilder.initialSize: 1024
15:50:15.216 [TestNG-tests-1] DEBUG io.netty.util.internal.InternalThreadLocalMap - -Dio.netty.threadLocalMap.stringBuilder.maxSize: 4096
15:50:15.257 [TestNG-tests-1] DEBUG io.netty.handler.ssl.JdkSslContext - Default protocols (JDK): [TLSv1.2, TLSv1.1, TLSv1] 
15:50:15.257 [TestNG-tests-1] DEBUG io.netty.handler.ssl.JdkSslContext - Default cipher suites (JDK): [TLS_ECDHE_ECDSA_WITH_AES_256_GCM_SHA384, TLS_ECDHE_ECDSA_WITH_AES_128_GCM_SHA256, TLS_ECDHE_RSA_WITH_AES_128_GCM_SHA256, TLS_ECDHE_RSA_WITH_AES_256_GCM_SHA384, TLS_ECDHE_RSA_WITH_AES_128_CBC_SHA, TLS_ECDHE_RSA_WITH_AES_256_CBC_SHA, TLS_RSA_WITH_AES_128_GCM_SHA256, TLS_RSA_WITH_AES_128_CBC_SHA, TLS_RSA_WITH_AES_256_CBC_SHA, TLS_AES_128_GCM_SHA256, TLS_AES_256_GCM_SHA384]
15:50:15.309 [TestNG-tests-1] DEBUG io.netty.channel.MultithreadEventLoopGroup - -Dio.netty.eventLoopThreads: 8
15:50:15.322 [TestNG-tests-1] DEBUG io.netty.channel.nio.NioEventLoop - -Dio.netty.noKeySetOptimization: false
15:50:15.322 [TestNG-tests-1] DEBUG io.netty.channel.nio.NioEventLoop - -Dio.netty.selectorAutoRebuildThreshold: 512
15:50:15.336 [TestNG-tests-1] TRACE io.netty.channel.nio.NioEventLoop - instrumented a special java.util.Set into: sun.nio.ch.WindowsSelectorImpl@265dabd1
15:50:15.337 [TestNG-tests-1] TRACE io.netty.channel.nio.NioEventLoop - instrumented a special java.util.Set into: sun.nio.ch.WindowsSelectorImpl@6d87f509
15:50:15.338 [TestNG-tests-1] TRACE io.netty.channel.nio.NioEventLoop - instrumented a special java.util.Set into: sun.nio.ch.WindowsSelectorImpl@78fb216d
15:50:15.339 [TestNG-tests-1] TRACE io.netty.channel.nio.NioEventLoop - instrumented a special java.util.Set into: sun.nio.ch.WindowsSelectorImpl@784819a3
15:50:15.340 [TestNG-tests-1] TRACE io.netty.channel.nio.NioEventLoop - instrumented a special java.util.Set into: sun.nio.ch.WindowsSelectorImpl@7293b6c6
15:50:15.341 [TestNG-tests-1] TRACE io.netty.channel.nio.NioEventLoop - instrumented a special java.util.Set into: sun.nio.ch.WindowsSelectorImpl@20ee2a20
15:50:15.341 [TestNG-tests-1] TRACE io.netty.channel.nio.NioEventLoop - instrumented a special java.util.Set into: sun.nio.ch.WindowsSelectorImpl@1bf9719
15:50:15.342 [TestNG-tests-1] TRACE io.netty.channel.nio.NioEventLoop - instrumented a special java.util.Set into: sun.nio.ch.WindowsSelectorImpl@3982038c
15:50:15.376 [TestNG-tests-1] DEBUG io.netty.buffer.PooledByteBufAllocator - -Dio.netty.allocator.numHeapArenas: 8
15:50:15.376 [TestNG-tests-1] DEBUG io.netty.buffer.PooledByteBufAllocator - -Dio.netty.allocator.numDirectArenas: 8
15:50:15.377 [TestNG-tests-1] DEBUG io.netty.buffer.PooledByteBufAllocator - -Dio.netty.allocator.pageSize: 8192
15:50:15.377 [TestNG-tests-1] DEBUG io.netty.buffer.PooledByteBufAllocator - -Dio.netty.allocator.maxOrder: 11
15:50:15.377 [TestNG-tests-1] DEBUG io.netty.buffer.PooledByteBufAllocator - -Dio.netty.allocator.chunkSize: 16777216
15:50:15.377 [TestNG-tests-1] DEBUG io.netty.buffer.PooledByteBufAllocator - -Dio.netty.allocator.smallCacheSize: 256
15:50:15.377 [TestNG-tests-1] DEBUG io.netty.buffer.PooledByteBufAllocator - -Dio.netty.allocator.normalCacheSize: 64
15:50:15.377 [TestNG-tests-1] DEBUG io.netty.buffer.PooledByteBufAllocator - -Dio.netty.allocator.maxCachedBufferCapacity: 32768
15:50:15.377 [TestNG-tests-1] DEBUG io.netty.buffer.PooledByteBufAllocator - -Dio.netty.allocator.cacheTrimInterval: 8192
15:50:15.377 [TestNG-tests-1] DEBUG io.netty.buffer.PooledByteBufAllocator - -Dio.netty.allocator.cacheTrimIntervalMillis: 0
15:50:15.378 [TestNG-tests-1] DEBUG io.netty.buffer.PooledByteBufAllocator - -Dio.netty.allocator.useCacheForAllThreads: true
15:50:15.378 [TestNG-tests-1] DEBUG io.netty.buffer.PooledByteBufAllocator - -Dio.netty.allocator.maxCachedByteBuffersPerChunk: 1023
15:50:15.398 [TestNG-tests-1] DEBUG io.netty.buffer.ByteBufUtil - -Dio.netty.allocator.type: pooled
15:50:15.398 [TestNG-tests-1] DEBUG io.netty.buffer.ByteBufUtil - -Dio.netty.threadLocalDirectBufferSize: 0
15:50:15.398 [TestNG-tests-1] DEBUG io.netty.buffer.ByteBufUtil - -Dio.netty.maxThreadLocalCharBufferSize: 16384
15:50:16.474 [Forwarding newSession on session null to remote] DEBUG io.netty.channel.DefaultChannelId - -Dio.netty.processId: 11940 (auto-detected)
15:50:16.477 [Forwarding newSession on session null to remote] DEBUG io.netty.util.NetUtil - -Djava.net.preferIPv4Stack: false
15:50:16.477 [Forwarding newSession on session null to remote] DEBUG io.netty.util.NetUtil - -Djava.net.preferIPv6Addresses: false
15:50:16.810 [Forwarding newSession on session null to remote] DEBUG io.netty.util.NetUtilInitializations - Loopback interface: lo (Software Loopback Interface 1, 127.0.0.1)
15:50:16.812 [Forwarding newSession on session null to remote] DEBUG io.netty.util.NetUtil - Failed to get SOMAXCONN from sysctl and file \proc\sys\net\core\somaxconn. Default: 200
15:50:17.160 [Forwarding newSession on session null to remote] DEBUG io.netty.channel.DefaultChannelId - -Dio.netty.machineId: 4c:34:88:ff:fe:ea:82:4c (auto-detected)
15:50:17.238 [AsyncHttpClient-1-2] DEBUG io.netty.buffer.AbstractByteBuf - -Dio.netty.buffer.checkAccessible: true
15:50:17.238 [AsyncHttpClient-1-2] DEBUG io.netty.buffer.AbstractByteBuf - -Dio.netty.buffer.checkBounds: true
15:50:17.238 [AsyncHttpClient-1-2] DEBUG io.netty.util.ResourceLeakDetectorFactory - Loaded default ResourceLeakDetector: io.netty.util.ResourceLeakDetector@600a2ed2
15:50:17.289 [AsyncHttpClient-1-2] DEBUG io.netty.util.Recycler - -Dio.netty.recycler.maxCapacityPerThread: 4096
15:50:17.289 [AsyncHttpClient-1-2] DEBUG io.netty.util.Recycler - -Dio.netty.recycler.maxSharedCapacityFactor: 2
15:50:17.289 [AsyncHttpClient-1-2] DEBUG io.netty.util.Recycler - -Dio.netty.recycler.linkCapacity: 16
15:50:17.289 [AsyncHttpClient-1-2] DEBUG io.netty.util.Recycler - -Dio.netty.recycler.ratio: 8
15:50:17.289 [AsyncHttpClient-1-2] DEBUG io.netty.util.Recycler - -Dio.netty.recycler.delayedQueue.ratio: 8
15:50:19.075 [TestNG-tests-1] DEBUG io.netty.util.internal.ThreadLocalRandom - -Dio.netty.initialSeedUniquifier: 0xae9d68e20f6e85e3
15:50:19.153 [TestNG-tests-1] INFO  testCases.TC_010_ShoppingCart - Launched Chrome Browser
15:51:42.164 [AsyncHttpClient-1-3] DEBUG io.netty.buffer.PoolThreadCache - Freed 2 thread-local buffer(s) from thread: AsyncHttpClient-1-3
15:53:29.362 [TestNG-tests-1] DEBUG io.netty.util.internal.logging.InternalLoggerFactory - Using Log4J2 as the default logging framework
15:53:29.376 [TestNG-tests-1] DEBUG io.netty.util.ResourceLeakDetector - -Dio.netty.leakDetection.level: simple
15:53:29.376 [TestNG-tests-1] DEBUG io.netty.util.ResourceLeakDetector - -Dio.netty.leakDetection.targetRecords: 4
15:53:29.382 [TestNG-tests-1] DEBUG io.netty.util.ResourceLeakDetectorFactory - Loaded default ResourceLeakDetector: io.netty.util.ResourceLeakDetector@5a283424
15:53:29.402 [TestNG-tests-1] DEBUG io.netty.util.internal.PlatformDependent - Platform: Windows
15:53:29.406 [TestNG-tests-1] DEBUG io.netty.util.internal.PlatformDependent0 - -Dio.netty.noUnsafe: false
15:53:29.406 [TestNG-tests-1] DEBUG io.netty.util.internal.PlatformDependent0 - Java version: 8
15:53:29.408 [TestNG-tests-1] DEBUG io.netty.util.internal.PlatformDependent0 - sun.misc.Unsafe.theUnsafe: available
15:53:29.409 [TestNG-tests-1] DEBUG io.netty.util.internal.PlatformDependent0 - sun.misc.Unsafe.copyMemory: available
15:53:29.409 [TestNG-tests-1] DEBUG io.netty.util.internal.PlatformDependent0 - java.nio.Buffer.address: available
15:53:29.410 [TestNG-tests-1] DEBUG io.netty.util.internal.PlatformDependent0 - direct buffer constructor: available
15:53:29.411 [TestNG-tests-1] DEBUG io.netty.util.internal.PlatformDependent0 - java.nio.Bits.unaligned: available, true
15:53:29.411 [TestNG-tests-1] DEBUG io.netty.util.internal.PlatformDependent0 - jdk.internal.misc.Unsafe.allocateUninitializedArray(int): unavailable prior to Java9
15:53:29.411 [TestNG-tests-1] DEBUG io.netty.util.internal.PlatformDependent0 - java.nio.DirectByteBuffer.<init>(long, int): available
15:53:29.411 [TestNG-tests-1] DEBUG io.netty.util.internal.PlatformDependent - sun.misc.Unsafe: available
15:53:29.412 [TestNG-tests-1] DEBUG io.netty.util.internal.PlatformDependent - -Dio.netty.tmpdir: C:\Users\kmanu\AppData\Local\Temp (java.io.tmpdir)
15:53:29.412 [TestNG-tests-1] DEBUG io.netty.util.internal.PlatformDependent - -Dio.netty.bitMode: 64 (sun.arch.data.model)
15:53:29.414 [TestNG-tests-1] DEBUG io.netty.util.internal.PlatformDependent - -Dio.netty.maxDirectMemory: 1877475328 bytes
15:53:29.414 [TestNG-tests-1] DEBUG io.netty.util.internal.PlatformDependent - -Dio.netty.uninitializedArrayAllocationThreshold: -1
15:53:29.416 [TestNG-tests-1] DEBUG io.netty.util.internal.CleanerJava6 - java.nio.ByteBuffer.cleaner(): available
15:53:29.416 [TestNG-tests-1] DEBUG io.netty.util.internal.PlatformDependent - -Dio.netty.noPreferDirect: false
15:53:29.426 [TestNG-tests-1] DEBUG io.netty.util.internal.PlatformDependent - org.jctools-core.MpscChunkedArrayQueue: available
15:53:29.459 [TestNG-tests-1] DEBUG io.netty.util.internal.InternalThreadLocalMap - -Dio.netty.threadLocalMap.stringBuilder.initialSize: 1024
15:53:29.460 [TestNG-tests-1] DEBUG io.netty.util.internal.InternalThreadLocalMap - -Dio.netty.threadLocalMap.stringBuilder.maxSize: 4096
15:53:29.499 [TestNG-tests-1] DEBUG io.netty.handler.ssl.JdkSslContext - Default protocols (JDK): [TLSv1.2, TLSv1.1, TLSv1] 
15:53:29.499 [TestNG-tests-1] DEBUG io.netty.handler.ssl.JdkSslContext - Default cipher suites (JDK): [TLS_ECDHE_ECDSA_WITH_AES_256_GCM_SHA384, TLS_ECDHE_ECDSA_WITH_AES_128_GCM_SHA256, TLS_ECDHE_RSA_WITH_AES_128_GCM_SHA256, TLS_ECDHE_RSA_WITH_AES_256_GCM_SHA384, TLS_ECDHE_RSA_WITH_AES_128_CBC_SHA, TLS_ECDHE_RSA_WITH_AES_256_CBC_SHA, TLS_RSA_WITH_AES_128_GCM_SHA256, TLS_RSA_WITH_AES_128_CBC_SHA, TLS_RSA_WITH_AES_256_CBC_SHA, TLS_AES_128_GCM_SHA256, TLS_AES_256_GCM_SHA384]
15:53:29.543 [TestNG-tests-1] DEBUG io.netty.channel.MultithreadEventLoopGroup - -Dio.netty.eventLoopThreads: 8
15:53:29.559 [TestNG-tests-1] DEBUG io.netty.channel.nio.NioEventLoop - -Dio.netty.noKeySetOptimization: false
15:53:29.559 [TestNG-tests-1] DEBUG io.netty.channel.nio.NioEventLoop - -Dio.netty.selectorAutoRebuildThreshold: 512
15:53:29.573 [TestNG-tests-1] TRACE io.netty.channel.nio.NioEventLoop - instrumented a special java.util.Set into: sun.nio.ch.WindowsSelectorImpl@27ffaef7
15:53:29.575 [TestNG-tests-1] TRACE io.netty.channel.nio.NioEventLoop - instrumented a special java.util.Set into: sun.nio.ch.WindowsSelectorImpl@6e0683c0
15:53:29.576 [TestNG-tests-1] TRACE io.netty.channel.nio.NioEventLoop - instrumented a special java.util.Set into: sun.nio.ch.WindowsSelectorImpl@454036e
15:53:29.577 [TestNG-tests-1] TRACE io.netty.channel.nio.NioEventLoop - instrumented a special java.util.Set into: sun.nio.ch.WindowsSelectorImpl@7cee2a15
15:53:29.578 [TestNG-tests-1] TRACE io.netty.channel.nio.NioEventLoop - instrumented a special java.util.Set into: sun.nio.ch.WindowsSelectorImpl@4ab23b24
15:53:29.579 [TestNG-tests-1] TRACE io.netty.channel.nio.NioEventLoop - instrumented a special java.util.Set into: sun.nio.ch.WindowsSelectorImpl@10f0b931
15:53:29.580 [TestNG-tests-1] TRACE io.netty.channel.nio.NioEventLoop - instrumented a special java.util.Set into: sun.nio.ch.WindowsSelectorImpl@341b9732
15:53:29.581 [TestNG-tests-1] TRACE io.netty.channel.nio.NioEventLoop - instrumented a special java.util.Set into: sun.nio.ch.WindowsSelectorImpl@3928ad26
15:53:29.612 [TestNG-tests-1] DEBUG io.netty.buffer.PooledByteBufAllocator - -Dio.netty.allocator.numHeapArenas: 8
15:53:29.612 [TestNG-tests-1] DEBUG io.netty.buffer.PooledByteBufAllocator - -Dio.netty.allocator.numDirectArenas: 8
15:53:29.612 [TestNG-tests-1] DEBUG io.netty.buffer.PooledByteBufAllocator - -Dio.netty.allocator.pageSize: 8192
15:53:29.612 [TestNG-tests-1] DEBUG io.netty.buffer.PooledByteBufAllocator - -Dio.netty.allocator.maxOrder: 11
15:53:29.613 [TestNG-tests-1] DEBUG io.netty.buffer.PooledByteBufAllocator - -Dio.netty.allocator.chunkSize: 16777216
15:53:29.613 [TestNG-tests-1] DEBUG io.netty.buffer.PooledByteBufAllocator - -Dio.netty.allocator.smallCacheSize: 256
15:53:29.613 [TestNG-tests-1] DEBUG io.netty.buffer.PooledByteBufAllocator - -Dio.netty.allocator.normalCacheSize: 64
15:53:29.613 [TestNG-tests-1] DEBUG io.netty.buffer.PooledByteBufAllocator - -Dio.netty.allocator.maxCachedBufferCapacity: 32768
15:53:29.613 [TestNG-tests-1] DEBUG io.netty.buffer.PooledByteBufAllocator - -Dio.netty.allocator.cacheTrimInterval: 8192
15:53:29.613 [TestNG-tests-1] DEBUG io.netty.buffer.PooledByteBufAllocator - -Dio.netty.allocator.cacheTrimIntervalMillis: 0
15:53:29.613 [TestNG-tests-1] DEBUG io.netty.buffer.PooledByteBufAllocator - -Dio.netty.allocator.useCacheForAllThreads: true
15:53:29.613 [TestNG-tests-1] DEBUG io.netty.buffer.PooledByteBufAllocator - -Dio.netty.allocator.maxCachedByteBuffersPerChunk: 1023
15:53:29.631 [TestNG-tests-1] DEBUG io.netty.buffer.ByteBufUtil - -Dio.netty.allocator.type: pooled
15:53:29.631 [TestNG-tests-1] DEBUG io.netty.buffer.ByteBufUtil - -Dio.netty.threadLocalDirectBufferSize: 0
15:53:29.631 [TestNG-tests-1] DEBUG io.netty.buffer.ByteBufUtil - -Dio.netty.maxThreadLocalCharBufferSize: 16384
15:53:30.631 [Forwarding newSession on session null to remote] DEBUG io.netty.channel.DefaultChannelId - -Dio.netty.processId: 14744 (auto-detected)
15:53:30.634 [Forwarding newSession on session null to remote] DEBUG io.netty.util.NetUtil - -Djava.net.preferIPv4Stack: false
15:53:30.634 [Forwarding newSession on session null to remote] DEBUG io.netty.util.NetUtil - -Djava.net.preferIPv6Addresses: false
15:53:30.965 [Forwarding newSession on session null to remote] DEBUG io.netty.util.NetUtilInitializations - Loopback interface: lo (Software Loopback Interface 1, 127.0.0.1)
15:53:30.967 [Forwarding newSession on session null to remote] DEBUG io.netty.util.NetUtil - Failed to get SOMAXCONN from sysctl and file \proc\sys\net\core\somaxconn. Default: 200
15:53:31.319 [Forwarding newSession on session null to remote] DEBUG io.netty.channel.DefaultChannelId - -Dio.netty.machineId: 4c:34:88:ff:fe:ea:82:4c (auto-detected)
15:53:31.392 [AsyncHttpClient-1-2] DEBUG io.netty.buffer.AbstractByteBuf - -Dio.netty.buffer.checkAccessible: true
15:53:31.392 [AsyncHttpClient-1-2] DEBUG io.netty.buffer.AbstractByteBuf - -Dio.netty.buffer.checkBounds: true
15:53:31.393 [AsyncHttpClient-1-2] DEBUG io.netty.util.ResourceLeakDetectorFactory - Loaded default ResourceLeakDetector: io.netty.util.ResourceLeakDetector@6f449707
15:53:31.447 [AsyncHttpClient-1-2] DEBUG io.netty.util.Recycler - -Dio.netty.recycler.maxCapacityPerThread: 4096
15:53:31.447 [AsyncHttpClient-1-2] DEBUG io.netty.util.Recycler - -Dio.netty.recycler.maxSharedCapacityFactor: 2
15:53:31.447 [AsyncHttpClient-1-2] DEBUG io.netty.util.Recycler - -Dio.netty.recycler.linkCapacity: 16
15:53:31.447 [AsyncHttpClient-1-2] DEBUG io.netty.util.Recycler - -Dio.netty.recycler.ratio: 8
15:53:31.447 [AsyncHttpClient-1-2] DEBUG io.netty.util.Recycler - -Dio.netty.recycler.delayedQueue.ratio: 8
15:53:33.525 [TestNG-tests-1] DEBUG io.netty.util.internal.ThreadLocalRandom - -Dio.netty.initialSeedUniquifier: 0x9f500a2c4b7b4270
15:53:33.647 [TestNG-tests-1] INFO  testCases.TC_010_ShoppingCart - Launched Chrome Browser
15:57:35.969 [TestNG-tests-1] DEBUG io.netty.util.internal.logging.InternalLoggerFactory - Using Log4J2 as the default logging framework
15:57:35.983 [TestNG-tests-1] DEBUG io.netty.util.ResourceLeakDetector - -Dio.netty.leakDetection.level: simple
15:57:35.983 [TestNG-tests-1] DEBUG io.netty.util.ResourceLeakDetector - -Dio.netty.leakDetection.targetRecords: 4
15:57:35.989 [TestNG-tests-1] DEBUG io.netty.util.ResourceLeakDetectorFactory - Loaded default ResourceLeakDetector: io.netty.util.ResourceLeakDetector@6aa13135
15:57:36.011 [TestNG-tests-1] DEBUG io.netty.util.internal.PlatformDependent - Platform: Windows
15:57:36.014 [TestNG-tests-1] DEBUG io.netty.util.internal.PlatformDependent0 - -Dio.netty.noUnsafe: false
15:57:36.014 [TestNG-tests-1] DEBUG io.netty.util.internal.PlatformDependent0 - Java version: 8
15:57:36.016 [TestNG-tests-1] DEBUG io.netty.util.internal.PlatformDependent0 - sun.misc.Unsafe.theUnsafe: available
15:57:36.016 [TestNG-tests-1] DEBUG io.netty.util.internal.PlatformDependent0 - sun.misc.Unsafe.copyMemory: available
15:57:36.017 [TestNG-tests-1] DEBUG io.netty.util.internal.PlatformDependent0 - java.nio.Buffer.address: available
15:57:36.018 [TestNG-tests-1] DEBUG io.netty.util.internal.PlatformDependent0 - direct buffer constructor: available
15:57:36.019 [TestNG-tests-1] DEBUG io.netty.util.internal.PlatformDependent0 - java.nio.Bits.unaligned: available, true
15:57:36.019 [TestNG-tests-1] DEBUG io.netty.util.internal.PlatformDependent0 - jdk.internal.misc.Unsafe.allocateUninitializedArray(int): unavailable prior to Java9
15:57:36.019 [TestNG-tests-1] DEBUG io.netty.util.internal.PlatformDependent0 - java.nio.DirectByteBuffer.<init>(long, int): available
15:57:36.019 [TestNG-tests-1] DEBUG io.netty.util.internal.PlatformDependent - sun.misc.Unsafe: available
15:57:36.020 [TestNG-tests-1] DEBUG io.netty.util.internal.PlatformDependent - -Dio.netty.tmpdir: C:\Users\kmanu\AppData\Local\Temp (java.io.tmpdir)
15:57:36.020 [TestNG-tests-1] DEBUG io.netty.util.internal.PlatformDependent - -Dio.netty.bitMode: 64 (sun.arch.data.model)
15:57:36.021 [TestNG-tests-1] DEBUG io.netty.util.internal.PlatformDependent - -Dio.netty.maxDirectMemory: 1877475328 bytes
15:57:36.021 [TestNG-tests-1] DEBUG io.netty.util.internal.PlatformDependent - -Dio.netty.uninitializedArrayAllocationThreshold: -1
15:57:36.023 [TestNG-tests-1] DEBUG io.netty.util.internal.CleanerJava6 - java.nio.ByteBuffer.cleaner(): available
15:57:36.023 [TestNG-tests-1] DEBUG io.netty.util.internal.PlatformDependent - -Dio.netty.noPreferDirect: false
15:57:36.033 [TestNG-tests-1] DEBUG io.netty.util.internal.PlatformDependent - org.jctools-core.MpscChunkedArrayQueue: available
15:57:36.060 [TestNG-tests-1] DEBUG io.netty.util.internal.InternalThreadLocalMap - -Dio.netty.threadLocalMap.stringBuilder.initialSize: 1024
15:57:36.060 [TestNG-tests-1] DEBUG io.netty.util.internal.InternalThreadLocalMap - -Dio.netty.threadLocalMap.stringBuilder.maxSize: 4096
15:57:36.107 [TestNG-tests-1] DEBUG io.netty.handler.ssl.JdkSslContext - Default protocols (JDK): [TLSv1.2, TLSv1.1, TLSv1] 
15:57:36.107 [TestNG-tests-1] DEBUG io.netty.handler.ssl.JdkSslContext - Default cipher suites (JDK): [TLS_ECDHE_ECDSA_WITH_AES_256_GCM_SHA384, TLS_ECDHE_ECDSA_WITH_AES_128_GCM_SHA256, TLS_ECDHE_RSA_WITH_AES_128_GCM_SHA256, TLS_ECDHE_RSA_WITH_AES_256_GCM_SHA384, TLS_ECDHE_RSA_WITH_AES_128_CBC_SHA, TLS_ECDHE_RSA_WITH_AES_256_CBC_SHA, TLS_RSA_WITH_AES_128_GCM_SHA256, TLS_RSA_WITH_AES_128_CBC_SHA, TLS_RSA_WITH_AES_256_CBC_SHA, TLS_AES_128_GCM_SHA256, TLS_AES_256_GCM_SHA384]
15:57:36.163 [TestNG-tests-1] DEBUG io.netty.channel.MultithreadEventLoopGroup - -Dio.netty.eventLoopThreads: 8
15:57:36.178 [TestNG-tests-1] DEBUG io.netty.channel.nio.NioEventLoop - -Dio.netty.noKeySetOptimization: false
15:57:36.178 [TestNG-tests-1] DEBUG io.netty.channel.nio.NioEventLoop - -Dio.netty.selectorAutoRebuildThreshold: 512
15:57:36.194 [TestNG-tests-1] TRACE io.netty.channel.nio.NioEventLoop - instrumented a special java.util.Set into: sun.nio.ch.WindowsSelectorImpl@6d3653af
15:57:36.196 [TestNG-tests-1] TRACE io.netty.channel.nio.NioEventLoop - instrumented a special java.util.Set into: sun.nio.ch.WindowsSelectorImpl@73d3607d
15:57:36.197 [TestNG-tests-1] TRACE io.netty.channel.nio.NioEventLoop - instrumented a special java.util.Set into: sun.nio.ch.WindowsSelectorImpl@409cfdb1
15:57:36.198 [TestNG-tests-1] TRACE io.netty.channel.nio.NioEventLoop - instrumented a special java.util.Set into: sun.nio.ch.WindowsSelectorImpl@3ab550f1
15:57:36.199 [TestNG-tests-1] TRACE io.netty.channel.nio.NioEventLoop - instrumented a special java.util.Set into: sun.nio.ch.WindowsSelectorImpl@3b7be3f9
15:57:36.200 [TestNG-tests-1] TRACE io.netty.channel.nio.NioEventLoop - instrumented a special java.util.Set into: sun.nio.ch.WindowsSelectorImpl@5343bc63
15:57:36.201 [TestNG-tests-1] TRACE io.netty.channel.nio.NioEventLoop - instrumented a special java.util.Set into: sun.nio.ch.WindowsSelectorImpl@7415a2cf
15:57:36.202 [TestNG-tests-1] TRACE io.netty.channel.nio.NioEventLoop - instrumented a special java.util.Set into: sun.nio.ch.WindowsSelectorImpl@64b75664
15:57:36.228 [TestNG-tests-1] DEBUG io.netty.buffer.PooledByteBufAllocator - -Dio.netty.allocator.numHeapArenas: 8
15:57:36.228 [TestNG-tests-1] DEBUG io.netty.buffer.PooledByteBufAllocator - -Dio.netty.allocator.numDirectArenas: 8
15:57:36.228 [TestNG-tests-1] DEBUG io.netty.buffer.PooledByteBufAllocator - -Dio.netty.allocator.pageSize: 8192
15:57:36.228 [TestNG-tests-1] DEBUG io.netty.buffer.PooledByteBufAllocator - -Dio.netty.allocator.maxOrder: 11
15:57:36.228 [TestNG-tests-1] DEBUG io.netty.buffer.PooledByteBufAllocator - -Dio.netty.allocator.chunkSize: 16777216
15:57:36.228 [TestNG-tests-1] DEBUG io.netty.buffer.PooledByteBufAllocator - -Dio.netty.allocator.smallCacheSize: 256
15:57:36.228 [TestNG-tests-1] DEBUG io.netty.buffer.PooledByteBufAllocator - -Dio.netty.allocator.normalCacheSize: 64
15:57:36.228 [TestNG-tests-1] DEBUG io.netty.buffer.PooledByteBufAllocator - -Dio.netty.allocator.maxCachedBufferCapacity: 32768
15:57:36.228 [TestNG-tests-1] DEBUG io.netty.buffer.PooledByteBufAllocator - -Dio.netty.allocator.cacheTrimInterval: 8192
15:57:36.228 [TestNG-tests-1] DEBUG io.netty.buffer.PooledByteBufAllocator - -Dio.netty.allocator.cacheTrimIntervalMillis: 0
15:57:36.228 [TestNG-tests-1] DEBUG io.netty.buffer.PooledByteBufAllocator - -Dio.netty.allocator.useCacheForAllThreads: true
15:57:36.229 [TestNG-tests-1] DEBUG io.netty.buffer.PooledByteBufAllocator - -Dio.netty.allocator.maxCachedByteBuffersPerChunk: 1023
15:57:36.243 [TestNG-tests-1] DEBUG io.netty.buffer.ByteBufUtil - -Dio.netty.allocator.type: pooled
15:57:36.243 [TestNG-tests-1] DEBUG io.netty.buffer.ByteBufUtil - -Dio.netty.threadLocalDirectBufferSize: 0
15:57:36.243 [TestNG-tests-1] DEBUG io.netty.buffer.ByteBufUtil - -Dio.netty.maxThreadLocalCharBufferSize: 16384
15:57:37.297 [Forwarding newSession on session null to remote] DEBUG io.netty.channel.DefaultChannelId - -Dio.netty.processId: 17564 (auto-detected)
15:57:37.299 [Forwarding newSession on session null to remote] DEBUG io.netty.util.NetUtil - -Djava.net.preferIPv4Stack: false
15:57:37.300 [Forwarding newSession on session null to remote] DEBUG io.netty.util.NetUtil - -Djava.net.preferIPv6Addresses: false
15:57:37.630 [Forwarding newSession on session null to remote] DEBUG io.netty.util.NetUtilInitializations - Loopback interface: lo (Software Loopback Interface 1, 127.0.0.1)
15:57:37.632 [Forwarding newSession on session null to remote] DEBUG io.netty.util.NetUtil - Failed to get SOMAXCONN from sysctl and file \proc\sys\net\core\somaxconn. Default: 200
15:57:37.987 [Forwarding newSession on session null to remote] DEBUG io.netty.channel.DefaultChannelId - -Dio.netty.machineId: 4c:34:88:ff:fe:ea:82:4c (auto-detected)
15:57:38.066 [AsyncHttpClient-1-2] DEBUG io.netty.buffer.AbstractByteBuf - -Dio.netty.buffer.checkAccessible: true
15:57:38.067 [AsyncHttpClient-1-2] DEBUG io.netty.buffer.AbstractByteBuf - -Dio.netty.buffer.checkBounds: true
15:57:38.067 [AsyncHttpClient-1-2] DEBUG io.netty.util.ResourceLeakDetectorFactory - Loaded default ResourceLeakDetector: io.netty.util.ResourceLeakDetector@87c75ce
15:57:38.125 [AsyncHttpClient-1-2] DEBUG io.netty.util.Recycler - -Dio.netty.recycler.maxCapacityPerThread: 4096
15:57:38.125 [AsyncHttpClient-1-2] DEBUG io.netty.util.Recycler - -Dio.netty.recycler.maxSharedCapacityFactor: 2
15:57:38.125 [AsyncHttpClient-1-2] DEBUG io.netty.util.Recycler - -Dio.netty.recycler.linkCapacity: 16
15:57:38.125 [AsyncHttpClient-1-2] DEBUG io.netty.util.Recycler - -Dio.netty.recycler.ratio: 8
15:57:38.125 [AsyncHttpClient-1-2] DEBUG io.netty.util.Recycler - -Dio.netty.recycler.delayedQueue.ratio: 8
15:57:40.786 [TestNG-tests-1] DEBUG io.netty.util.internal.ThreadLocalRandom - -Dio.netty.initialSeedUniquifier: 0xb030339f75a9402c
15:57:40.846 [TestNG-tests-1] INFO  testCases.TC_010_ShoppingCart - Launched Chrome Browser
16:09:15.049 [AsyncHttpClient-1-3] DEBUG io.netty.buffer.PoolThreadCache - Freed 2 thread-local buffer(s) from thread: AsyncHttpClient-1-3
16:09:31.443 [TestNG-tests-1] DEBUG io.netty.util.internal.logging.InternalLoggerFactory - Using Log4J2 as the default logging framework
16:09:31.458 [TestNG-tests-1] DEBUG io.netty.util.ResourceLeakDetector - -Dio.netty.leakDetection.level: simple
16:09:31.458 [TestNG-tests-1] DEBUG io.netty.util.ResourceLeakDetector - -Dio.netty.leakDetection.targetRecords: 4
16:09:31.463 [TestNG-tests-1] DEBUG io.netty.util.ResourceLeakDetectorFactory - Loaded default ResourceLeakDetector: io.netty.util.ResourceLeakDetector@578c04d1
16:09:31.484 [TestNG-tests-1] DEBUG io.netty.util.internal.PlatformDependent - Platform: Windows
16:09:31.489 [TestNG-tests-1] DEBUG io.netty.util.internal.PlatformDependent0 - -Dio.netty.noUnsafe: false
16:09:31.489 [TestNG-tests-1] DEBUG io.netty.util.internal.PlatformDependent0 - Java version: 8
16:09:31.491 [TestNG-tests-1] DEBUG io.netty.util.internal.PlatformDependent0 - sun.misc.Unsafe.theUnsafe: available
16:09:31.492 [TestNG-tests-1] DEBUG io.netty.util.internal.PlatformDependent0 - sun.misc.Unsafe.copyMemory: available
16:09:31.493 [TestNG-tests-1] DEBUG io.netty.util.internal.PlatformDependent0 - java.nio.Buffer.address: available
16:09:31.494 [TestNG-tests-1] DEBUG io.netty.util.internal.PlatformDependent0 - direct buffer constructor: available
16:09:31.495 [TestNG-tests-1] DEBUG io.netty.util.internal.PlatformDependent0 - java.nio.Bits.unaligned: available, true
16:09:31.495 [TestNG-tests-1] DEBUG io.netty.util.internal.PlatformDependent0 - jdk.internal.misc.Unsafe.allocateUninitializedArray(int): unavailable prior to Java9
16:09:31.496 [TestNG-tests-1] DEBUG io.netty.util.internal.PlatformDependent0 - java.nio.DirectByteBuffer.<init>(long, int): available
16:09:31.496 [TestNG-tests-1] DEBUG io.netty.util.internal.PlatformDependent - sun.misc.Unsafe: available
16:09:31.496 [TestNG-tests-1] DEBUG io.netty.util.internal.PlatformDependent - -Dio.netty.tmpdir: C:\Users\kmanu\AppData\Local\Temp (java.io.tmpdir)
16:09:31.496 [TestNG-tests-1] DEBUG io.netty.util.internal.PlatformDependent - -Dio.netty.bitMode: 64 (sun.arch.data.model)
16:09:31.498 [TestNG-tests-1] DEBUG io.netty.util.internal.PlatformDependent - -Dio.netty.maxDirectMemory: 1877475328 bytes
16:09:31.498 [TestNG-tests-1] DEBUG io.netty.util.internal.PlatformDependent - -Dio.netty.uninitializedArrayAllocationThreshold: -1
16:09:31.500 [TestNG-tests-1] DEBUG io.netty.util.internal.CleanerJava6 - java.nio.ByteBuffer.cleaner(): available
16:09:31.500 [TestNG-tests-1] DEBUG io.netty.util.internal.PlatformDependent - -Dio.netty.noPreferDirect: false
16:09:31.513 [TestNG-tests-1] DEBUG io.netty.util.internal.PlatformDependent - org.jctools-core.MpscChunkedArrayQueue: available
16:09:31.548 [TestNG-tests-1] DEBUG io.netty.util.internal.InternalThreadLocalMap - -Dio.netty.threadLocalMap.stringBuilder.initialSize: 1024
16:09:31.548 [TestNG-tests-1] DEBUG io.netty.util.internal.InternalThreadLocalMap - -Dio.netty.threadLocalMap.stringBuilder.maxSize: 4096
16:09:31.595 [TestNG-tests-1] DEBUG io.netty.handler.ssl.JdkSslContext - Default protocols (JDK): [TLSv1.2, TLSv1.1, TLSv1] 
16:09:31.596 [TestNG-tests-1] DEBUG io.netty.handler.ssl.JdkSslContext - Default cipher suites (JDK): [TLS_ECDHE_ECDSA_WITH_AES_256_GCM_SHA384, TLS_ECDHE_ECDSA_WITH_AES_128_GCM_SHA256, TLS_ECDHE_RSA_WITH_AES_128_GCM_SHA256, TLS_ECDHE_RSA_WITH_AES_256_GCM_SHA384, TLS_ECDHE_RSA_WITH_AES_128_CBC_SHA, TLS_ECDHE_RSA_WITH_AES_256_CBC_SHA, TLS_RSA_WITH_AES_128_GCM_SHA256, TLS_RSA_WITH_AES_128_CBC_SHA, TLS_RSA_WITH_AES_256_CBC_SHA, TLS_AES_128_GCM_SHA256, TLS_AES_256_GCM_SHA384]
16:09:31.638 [TestNG-tests-1] DEBUG io.netty.channel.MultithreadEventLoopGroup - -Dio.netty.eventLoopThreads: 8
16:09:31.653 [TestNG-tests-1] DEBUG io.netty.channel.nio.NioEventLoop - -Dio.netty.noKeySetOptimization: false
16:09:31.653 [TestNG-tests-1] DEBUG io.netty.channel.nio.NioEventLoop - -Dio.netty.selectorAutoRebuildThreshold: 512
16:09:31.668 [TestNG-tests-1] TRACE io.netty.channel.nio.NioEventLoop - instrumented a special java.util.Set into: sun.nio.ch.WindowsSelectorImpl@109bd20f
16:09:31.670 [TestNG-tests-1] TRACE io.netty.channel.nio.NioEventLoop - instrumented a special java.util.Set into: sun.nio.ch.WindowsSelectorImpl@5f90fb62
16:09:31.672 [TestNG-tests-1] TRACE io.netty.channel.nio.NioEventLoop - instrumented a special java.util.Set into: sun.nio.ch.WindowsSelectorImpl@396e437
16:09:31.673 [TestNG-tests-1] TRACE io.netty.channel.nio.NioEventLoop - instrumented a special java.util.Set into: sun.nio.ch.WindowsSelectorImpl@2f69157e
16:09:31.674 [TestNG-tests-1] TRACE io.netty.channel.nio.NioEventLoop - instrumented a special java.util.Set into: sun.nio.ch.WindowsSelectorImpl@608e9572
16:09:31.675 [TestNG-tests-1] TRACE io.netty.channel.nio.NioEventLoop - instrumented a special java.util.Set into: sun.nio.ch.WindowsSelectorImpl@381d39ea
16:09:31.676 [TestNG-tests-1] TRACE io.netty.channel.nio.NioEventLoop - instrumented a special java.util.Set into: sun.nio.ch.WindowsSelectorImpl@c1ec582
16:09:31.678 [TestNG-tests-1] TRACE io.netty.channel.nio.NioEventLoop - instrumented a special java.util.Set into: sun.nio.ch.WindowsSelectorImpl@6bbbe39a
16:09:31.710 [TestNG-tests-1] DEBUG io.netty.buffer.PooledByteBufAllocator - -Dio.netty.allocator.numHeapArenas: 8
16:09:31.710 [TestNG-tests-1] DEBUG io.netty.buffer.PooledByteBufAllocator - -Dio.netty.allocator.numDirectArenas: 8
16:09:31.710 [TestNG-tests-1] DEBUG io.netty.buffer.PooledByteBufAllocator - -Dio.netty.allocator.pageSize: 8192
16:09:31.710 [TestNG-tests-1] DEBUG io.netty.buffer.PooledByteBufAllocator - -Dio.netty.allocator.maxOrder: 11
16:09:31.710 [TestNG-tests-1] DEBUG io.netty.buffer.PooledByteBufAllocator - -Dio.netty.allocator.chunkSize: 16777216
16:09:31.711 [TestNG-tests-1] DEBUG io.netty.buffer.PooledByteBufAllocator - -Dio.netty.allocator.smallCacheSize: 256
16:09:31.711 [TestNG-tests-1] DEBUG io.netty.buffer.PooledByteBufAllocator - -Dio.netty.allocator.normalCacheSize: 64
16:09:31.711 [TestNG-tests-1] DEBUG io.netty.buffer.PooledByteBufAllocator - -Dio.netty.allocator.maxCachedBufferCapacity: 32768
16:09:31.711 [TestNG-tests-1] DEBUG io.netty.buffer.PooledByteBufAllocator - -Dio.netty.allocator.cacheTrimInterval: 8192
16:09:31.711 [TestNG-tests-1] DEBUG io.netty.buffer.PooledByteBufAllocator - -Dio.netty.allocator.cacheTrimIntervalMillis: 0
16:09:31.711 [TestNG-tests-1] DEBUG io.netty.buffer.PooledByteBufAllocator - -Dio.netty.allocator.useCacheForAllThreads: true
16:09:31.711 [TestNG-tests-1] DEBUG io.netty.buffer.PooledByteBufAllocator - -Dio.netty.allocator.maxCachedByteBuffersPerChunk: 1023
16:09:31.727 [TestNG-tests-1] DEBUG io.netty.buffer.ByteBufUtil - -Dio.netty.allocator.type: pooled
16:09:31.727 [TestNG-tests-1] DEBUG io.netty.buffer.ByteBufUtil - -Dio.netty.threadLocalDirectBufferSize: 0
16:09:31.727 [TestNG-tests-1] DEBUG io.netty.buffer.ByteBufUtil - -Dio.netty.maxThreadLocalCharBufferSize: 16384
16:09:32.735 [Forwarding newSession on session null to remote] DEBUG io.netty.channel.DefaultChannelId - -Dio.netty.processId: 4384 (auto-detected)
16:09:32.738 [Forwarding newSession on session null to remote] DEBUG io.netty.util.NetUtil - -Djava.net.preferIPv4Stack: false
16:09:32.739 [Forwarding newSession on session null to remote] DEBUG io.netty.util.NetUtil - -Djava.net.preferIPv6Addresses: false
16:09:33.079 [Forwarding newSession on session null to remote] DEBUG io.netty.util.NetUtilInitializations - Loopback interface: lo (Software Loopback Interface 1, 127.0.0.1)
16:09:33.081 [Forwarding newSession on session null to remote] DEBUG io.netty.util.NetUtil - Failed to get SOMAXCONN from sysctl and file \proc\sys\net\core\somaxconn. Default: 200
16:09:33.435 [Forwarding newSession on session null to remote] DEBUG io.netty.channel.DefaultChannelId - -Dio.netty.machineId: 4c:34:88:ff:fe:ea:82:4c (auto-detected)
16:09:33.508 [AsyncHttpClient-1-2] DEBUG io.netty.buffer.AbstractByteBuf - -Dio.netty.buffer.checkAccessible: true
16:09:33.508 [AsyncHttpClient-1-2] DEBUG io.netty.buffer.AbstractByteBuf - -Dio.netty.buffer.checkBounds: true
16:09:33.508 [AsyncHttpClient-1-2] DEBUG io.netty.util.ResourceLeakDetectorFactory - Loaded default ResourceLeakDetector: io.netty.util.ResourceLeakDetector@5391a641
16:09:33.556 [AsyncHttpClient-1-2] DEBUG io.netty.util.Recycler - -Dio.netty.recycler.maxCapacityPerThread: 4096
16:09:33.556 [AsyncHttpClient-1-2] DEBUG io.netty.util.Recycler - -Dio.netty.recycler.maxSharedCapacityFactor: 2
16:09:33.556 [AsyncHttpClient-1-2] DEBUG io.netty.util.Recycler - -Dio.netty.recycler.linkCapacity: 16
16:09:33.556 [AsyncHttpClient-1-2] DEBUG io.netty.util.Recycler - -Dio.netty.recycler.ratio: 8
16:09:33.557 [AsyncHttpClient-1-2] DEBUG io.netty.util.Recycler - -Dio.netty.recycler.delayedQueue.ratio: 8
16:09:35.579 [TestNG-tests-1] DEBUG io.netty.util.internal.ThreadLocalRandom - -Dio.netty.initialSeedUniquifier: 0xe2829dccbfa7b590
16:09:35.650 [TestNG-tests-1] INFO  testCases.TC_010_ShoppingCart - Launched Chrome Browser
16:15:15.520 [TestNG-tests-1] DEBUG io.netty.util.internal.logging.InternalLoggerFactory - Using Log4J2 as the default logging framework
16:15:15.533 [TestNG-tests-1] DEBUG io.netty.util.ResourceLeakDetector - -Dio.netty.leakDetection.level: simple
16:15:15.533 [TestNG-tests-1] DEBUG io.netty.util.ResourceLeakDetector - -Dio.netty.leakDetection.targetRecords: 4
16:15:15.540 [TestNG-tests-1] DEBUG io.netty.util.ResourceLeakDetectorFactory - Loaded default ResourceLeakDetector: io.netty.util.ResourceLeakDetector@4116ec71
16:15:15.561 [TestNG-tests-1] DEBUG io.netty.util.internal.PlatformDependent - Platform: Windows
16:15:15.564 [TestNG-tests-1] DEBUG io.netty.util.internal.PlatformDependent0 - -Dio.netty.noUnsafe: false
16:15:15.564 [TestNG-tests-1] DEBUG io.netty.util.internal.PlatformDependent0 - Java version: 8
16:15:15.566 [TestNG-tests-1] DEBUG io.netty.util.internal.PlatformDependent0 - sun.misc.Unsafe.theUnsafe: available
16:15:15.567 [TestNG-tests-1] DEBUG io.netty.util.internal.PlatformDependent0 - sun.misc.Unsafe.copyMemory: available
16:15:15.568 [TestNG-tests-1] DEBUG io.netty.util.internal.PlatformDependent0 - java.nio.Buffer.address: available
16:15:15.568 [TestNG-tests-1] DEBUG io.netty.util.internal.PlatformDependent0 - direct buffer constructor: available
16:15:15.569 [TestNG-tests-1] DEBUG io.netty.util.internal.PlatformDependent0 - java.nio.Bits.unaligned: available, true
16:15:15.569 [TestNG-tests-1] DEBUG io.netty.util.internal.PlatformDependent0 - jdk.internal.misc.Unsafe.allocateUninitializedArray(int): unavailable prior to Java9
16:15:15.570 [TestNG-tests-1] DEBUG io.netty.util.internal.PlatformDependent0 - java.nio.DirectByteBuffer.<init>(long, int): available
16:15:15.570 [TestNG-tests-1] DEBUG io.netty.util.internal.PlatformDependent - sun.misc.Unsafe: available
16:15:15.570 [TestNG-tests-1] DEBUG io.netty.util.internal.PlatformDependent - -Dio.netty.tmpdir: C:\Users\kmanu\AppData\Local\Temp (java.io.tmpdir)
16:15:15.570 [TestNG-tests-1] DEBUG io.netty.util.internal.PlatformDependent - -Dio.netty.bitMode: 64 (sun.arch.data.model)
16:15:15.572 [TestNG-tests-1] DEBUG io.netty.util.internal.PlatformDependent - -Dio.netty.maxDirectMemory: 1877475328 bytes
16:15:15.572 [TestNG-tests-1] DEBUG io.netty.util.internal.PlatformDependent - -Dio.netty.uninitializedArrayAllocationThreshold: -1
16:15:15.574 [TestNG-tests-1] DEBUG io.netty.util.internal.CleanerJava6 - java.nio.ByteBuffer.cleaner(): available
16:15:15.574 [TestNG-tests-1] DEBUG io.netty.util.internal.PlatformDependent - -Dio.netty.noPreferDirect: false
16:15:15.586 [TestNG-tests-1] DEBUG io.netty.util.internal.PlatformDependent - org.jctools-core.MpscChunkedArrayQueue: available
16:15:15.620 [TestNG-tests-1] DEBUG io.netty.util.internal.InternalThreadLocalMap - -Dio.netty.threadLocalMap.stringBuilder.initialSize: 1024
16:15:15.620 [TestNG-tests-1] DEBUG io.netty.util.internal.InternalThreadLocalMap - -Dio.netty.threadLocalMap.stringBuilder.maxSize: 4096
16:15:15.665 [TestNG-tests-1] DEBUG io.netty.handler.ssl.JdkSslContext - Default protocols (JDK): [TLSv1.2, TLSv1.1, TLSv1] 
16:15:15.666 [TestNG-tests-1] DEBUG io.netty.handler.ssl.JdkSslContext - Default cipher suites (JDK): [TLS_ECDHE_ECDSA_WITH_AES_256_GCM_SHA384, TLS_ECDHE_ECDSA_WITH_AES_128_GCM_SHA256, TLS_ECDHE_RSA_WITH_AES_128_GCM_SHA256, TLS_ECDHE_RSA_WITH_AES_256_GCM_SHA384, TLS_ECDHE_RSA_WITH_AES_128_CBC_SHA, TLS_ECDHE_RSA_WITH_AES_256_CBC_SHA, TLS_RSA_WITH_AES_128_GCM_SHA256, TLS_RSA_WITH_AES_128_CBC_SHA, TLS_RSA_WITH_AES_256_CBC_SHA, TLS_AES_128_GCM_SHA256, TLS_AES_256_GCM_SHA384]
16:15:15.721 [TestNG-tests-1] DEBUG io.netty.channel.MultithreadEventLoopGroup - -Dio.netty.eventLoopThreads: 8
16:15:15.736 [TestNG-tests-1] DEBUG io.netty.channel.nio.NioEventLoop - -Dio.netty.noKeySetOptimization: false
16:15:15.736 [TestNG-tests-1] DEBUG io.netty.channel.nio.NioEventLoop - -Dio.netty.selectorAutoRebuildThreshold: 512
16:15:15.751 [TestNG-tests-1] TRACE io.netty.channel.nio.NioEventLoop - instrumented a special java.util.Set into: sun.nio.ch.WindowsSelectorImpl@1ec2b7e9
16:15:15.752 [TestNG-tests-1] TRACE io.netty.channel.nio.NioEventLoop - instrumented a special java.util.Set into: sun.nio.ch.WindowsSelectorImpl@4ae7a5da
16:15:15.754 [TestNG-tests-1] TRACE io.netty.channel.nio.NioEventLoop - instrumented a special java.util.Set into: sun.nio.ch.WindowsSelectorImpl@7cfa5f7f
16:15:15.755 [TestNG-tests-1] TRACE io.netty.channel.nio.NioEventLoop - instrumented a special java.util.Set into: sun.nio.ch.WindowsSelectorImpl@279e4278
16:15:15.755 [TestNG-tests-1] TRACE io.netty.channel.nio.NioEventLoop - instrumented a special java.util.Set into: sun.nio.ch.WindowsSelectorImpl@43ecc6dc
16:15:15.756 [TestNG-tests-1] TRACE io.netty.channel.nio.NioEventLoop - instrumented a special java.util.Set into: sun.nio.ch.WindowsSelectorImpl@34d2620e
16:15:15.757 [TestNG-tests-1] TRACE io.netty.channel.nio.NioEventLoop - instrumented a special java.util.Set into: sun.nio.ch.WindowsSelectorImpl@1a7dc24c
16:15:15.758 [TestNG-tests-1] TRACE io.netty.channel.nio.NioEventLoop - instrumented a special java.util.Set into: sun.nio.ch.WindowsSelectorImpl@4f25def9
16:15:15.794 [TestNG-tests-1] DEBUG io.netty.buffer.PooledByteBufAllocator - -Dio.netty.allocator.numHeapArenas: 8
16:15:15.795 [TestNG-tests-1] DEBUG io.netty.buffer.PooledByteBufAllocator - -Dio.netty.allocator.numDirectArenas: 8
16:15:15.795 [TestNG-tests-1] DEBUG io.netty.buffer.PooledByteBufAllocator - -Dio.netty.allocator.pageSize: 8192
16:15:15.795 [TestNG-tests-1] DEBUG io.netty.buffer.PooledByteBufAllocator - -Dio.netty.allocator.maxOrder: 11
16:15:15.795 [TestNG-tests-1] DEBUG io.netty.buffer.PooledByteBufAllocator - -Dio.netty.allocator.chunkSize: 16777216
16:15:15.795 [TestNG-tests-1] DEBUG io.netty.buffer.PooledByteBufAllocator - -Dio.netty.allocator.smallCacheSize: 256
16:15:15.795 [TestNG-tests-1] DEBUG io.netty.buffer.PooledByteBufAllocator - -Dio.netty.allocator.normalCacheSize: 64
16:15:15.796 [TestNG-tests-1] DEBUG io.netty.buffer.PooledByteBufAllocator - -Dio.netty.allocator.maxCachedBufferCapacity: 32768
16:15:15.796 [TestNG-tests-1] DEBUG io.netty.buffer.PooledByteBufAllocator - -Dio.netty.allocator.cacheTrimInterval: 8192
16:15:15.796 [TestNG-tests-1] DEBUG io.netty.buffer.PooledByteBufAllocator - -Dio.netty.allocator.cacheTrimIntervalMillis: 0
16:15:15.796 [TestNG-tests-1] DEBUG io.netty.buffer.PooledByteBufAllocator - -Dio.netty.allocator.useCacheForAllThreads: true
16:15:15.796 [TestNG-tests-1] DEBUG io.netty.buffer.PooledByteBufAllocator - -Dio.netty.allocator.maxCachedByteBuffersPerChunk: 1023
16:15:15.813 [TestNG-tests-1] DEBUG io.netty.buffer.ByteBufUtil - -Dio.netty.allocator.type: pooled
16:15:15.813 [TestNG-tests-1] DEBUG io.netty.buffer.ByteBufUtil - -Dio.netty.threadLocalDirectBufferSize: 0
16:15:15.813 [TestNG-tests-1] DEBUG io.netty.buffer.ByteBufUtil - -Dio.netty.maxThreadLocalCharBufferSize: 16384
16:15:16.812 [Forwarding newSession on session null to remote] DEBUG io.netty.channel.DefaultChannelId - -Dio.netty.processId: 14520 (auto-detected)
16:15:16.814 [Forwarding newSession on session null to remote] DEBUG io.netty.util.NetUtil - -Djava.net.preferIPv4Stack: false
16:15:16.815 [Forwarding newSession on session null to remote] DEBUG io.netty.util.NetUtil - -Djava.net.preferIPv6Addresses: false
16:15:17.150 [Forwarding newSession on session null to remote] DEBUG io.netty.util.NetUtilInitializations - Loopback interface: lo (Software Loopback Interface 1, 127.0.0.1)
16:15:17.151 [Forwarding newSession on session null to remote] DEBUG io.netty.util.NetUtil - Failed to get SOMAXCONN from sysctl and file \proc\sys\net\core\somaxconn. Default: 200
16:15:17.502 [Forwarding newSession on session null to remote] DEBUG io.netty.channel.DefaultChannelId - -Dio.netty.machineId: 4c:34:88:ff:fe:ea:82:4c (auto-detected)
16:15:17.576 [AsyncHttpClient-1-2] DEBUG io.netty.buffer.AbstractByteBuf - -Dio.netty.buffer.checkAccessible: true
16:15:17.576 [AsyncHttpClient-1-2] DEBUG io.netty.buffer.AbstractByteBuf - -Dio.netty.buffer.checkBounds: true
16:15:17.577 [AsyncHttpClient-1-2] DEBUG io.netty.util.ResourceLeakDetectorFactory - Loaded default ResourceLeakDetector: io.netty.util.ResourceLeakDetector@570c6649
16:15:17.628 [AsyncHttpClient-1-2] DEBUG io.netty.util.Recycler - -Dio.netty.recycler.maxCapacityPerThread: 4096
16:15:17.628 [AsyncHttpClient-1-2] DEBUG io.netty.util.Recycler - -Dio.netty.recycler.maxSharedCapacityFactor: 2
16:15:17.628 [AsyncHttpClient-1-2] DEBUG io.netty.util.Recycler - -Dio.netty.recycler.linkCapacity: 16
16:15:17.628 [AsyncHttpClient-1-2] DEBUG io.netty.util.Recycler - -Dio.netty.recycler.ratio: 8
16:15:17.628 [AsyncHttpClient-1-2] DEBUG io.netty.util.Recycler - -Dio.netty.recycler.delayedQueue.ratio: 8
16:15:19.575 [TestNG-tests-1] DEBUG io.netty.util.internal.ThreadLocalRandom - -Dio.netty.initialSeedUniquifier: 0x2952270ab606d4ad
16:15:19.635 [TestNG-tests-1] INFO  testCases.TC_010_ShoppingCart - Launched Chrome Browser
16:27:34.100 [TestNG-tests-1] DEBUG io.netty.util.internal.logging.InternalLoggerFactory - Using Log4J2 as the default logging framework
16:27:34.113 [TestNG-tests-1] DEBUG io.netty.util.ResourceLeakDetector - -Dio.netty.leakDetection.level: simple
16:27:34.113 [TestNG-tests-1] DEBUG io.netty.util.ResourceLeakDetector - -Dio.netty.leakDetection.targetRecords: 4
16:27:34.119 [TestNG-tests-1] DEBUG io.netty.util.ResourceLeakDetectorFactory - Loaded default ResourceLeakDetector: io.netty.util.ResourceLeakDetector@6251bc76
16:27:34.140 [TestNG-tests-1] DEBUG io.netty.util.internal.PlatformDependent - Platform: Windows
16:27:34.143 [TestNG-tests-1] DEBUG io.netty.util.internal.PlatformDependent0 - -Dio.netty.noUnsafe: false
16:27:34.144 [TestNG-tests-1] DEBUG io.netty.util.internal.PlatformDependent0 - Java version: 8
16:27:34.145 [TestNG-tests-1] DEBUG io.netty.util.internal.PlatformDependent0 - sun.misc.Unsafe.theUnsafe: available
16:27:34.146 [TestNG-tests-1] DEBUG io.netty.util.internal.PlatformDependent0 - sun.misc.Unsafe.copyMemory: available
16:27:34.146 [TestNG-tests-1] DEBUG io.netty.util.internal.PlatformDependent0 - java.nio.Buffer.address: available
16:27:34.147 [TestNG-tests-1] DEBUG io.netty.util.internal.PlatformDependent0 - direct buffer constructor: available
16:27:34.148 [TestNG-tests-1] DEBUG io.netty.util.internal.PlatformDependent0 - java.nio.Bits.unaligned: available, true
16:27:34.148 [TestNG-tests-1] DEBUG io.netty.util.internal.PlatformDependent0 - jdk.internal.misc.Unsafe.allocateUninitializedArray(int): unavailable prior to Java9
16:27:34.148 [TestNG-tests-1] DEBUG io.netty.util.internal.PlatformDependent0 - java.nio.DirectByteBuffer.<init>(long, int): available
16:27:34.148 [TestNG-tests-1] DEBUG io.netty.util.internal.PlatformDependent - sun.misc.Unsafe: available
16:27:34.149 [TestNG-tests-1] DEBUG io.netty.util.internal.PlatformDependent - -Dio.netty.tmpdir: C:\Users\kmanu\AppData\Local\Temp (java.io.tmpdir)
16:27:34.149 [TestNG-tests-1] DEBUG io.netty.util.internal.PlatformDependent - -Dio.netty.bitMode: 64 (sun.arch.data.model)
16:27:34.151 [TestNG-tests-1] DEBUG io.netty.util.internal.PlatformDependent - -Dio.netty.maxDirectMemory: 1877475328 bytes
16:27:34.151 [TestNG-tests-1] DEBUG io.netty.util.internal.PlatformDependent - -Dio.netty.uninitializedArrayAllocationThreshold: -1
16:27:34.153 [TestNG-tests-1] DEBUG io.netty.util.internal.CleanerJava6 - java.nio.ByteBuffer.cleaner(): available
16:27:34.153 [TestNG-tests-1] DEBUG io.netty.util.internal.PlatformDependent - -Dio.netty.noPreferDirect: false
16:27:34.163 [TestNG-tests-1] DEBUG io.netty.util.internal.PlatformDependent - org.jctools-core.MpscChunkedArrayQueue: available
16:27:34.191 [TestNG-tests-1] DEBUG io.netty.util.internal.InternalThreadLocalMap - -Dio.netty.threadLocalMap.stringBuilder.initialSize: 1024
16:27:34.191 [TestNG-tests-1] DEBUG io.netty.util.internal.InternalThreadLocalMap - -Dio.netty.threadLocalMap.stringBuilder.maxSize: 4096
16:27:34.238 [TestNG-tests-1] DEBUG io.netty.handler.ssl.JdkSslContext - Default protocols (JDK): [TLSv1.2, TLSv1.1, TLSv1] 
16:27:34.238 [TestNG-tests-1] DEBUG io.netty.handler.ssl.JdkSslContext - Default cipher suites (JDK): [TLS_ECDHE_ECDSA_WITH_AES_256_GCM_SHA384, TLS_ECDHE_ECDSA_WITH_AES_128_GCM_SHA256, TLS_ECDHE_RSA_WITH_AES_128_GCM_SHA256, TLS_ECDHE_RSA_WITH_AES_256_GCM_SHA384, TLS_ECDHE_RSA_WITH_AES_128_CBC_SHA, TLS_ECDHE_RSA_WITH_AES_256_CBC_SHA, TLS_RSA_WITH_AES_128_GCM_SHA256, TLS_RSA_WITH_AES_128_CBC_SHA, TLS_RSA_WITH_AES_256_CBC_SHA, TLS_AES_128_GCM_SHA256, TLS_AES_256_GCM_SHA384]
16:27:34.290 [TestNG-tests-1] DEBUG io.netty.channel.MultithreadEventLoopGroup - -Dio.netty.eventLoopThreads: 8
16:27:34.304 [TestNG-tests-1] DEBUG io.netty.channel.nio.NioEventLoop - -Dio.netty.noKeySetOptimization: false
16:27:34.304 [TestNG-tests-1] DEBUG io.netty.channel.nio.NioEventLoop - -Dio.netty.selectorAutoRebuildThreshold: 512
16:27:34.319 [TestNG-tests-1] TRACE io.netty.channel.nio.NioEventLoop - instrumented a special java.util.Set into: sun.nio.ch.WindowsSelectorImpl@7d6ec5e1
16:27:34.320 [TestNG-tests-1] TRACE io.netty.channel.nio.NioEventLoop - instrumented a special java.util.Set into: sun.nio.ch.WindowsSelectorImpl@4fef9d39
16:27:34.321 [TestNG-tests-1] TRACE io.netty.channel.nio.NioEventLoop - instrumented a special java.util.Set into: sun.nio.ch.WindowsSelectorImpl@225e7608
16:27:34.322 [TestNG-tests-1] TRACE io.netty.channel.nio.NioEventLoop - instrumented a special java.util.Set into: sun.nio.ch.WindowsSelectorImpl@57c00646
16:27:34.323 [TestNG-tests-1] TRACE io.netty.channel.nio.NioEventLoop - instrumented a special java.util.Set into: sun.nio.ch.WindowsSelectorImpl@7d455d14
16:27:34.324 [TestNG-tests-1] TRACE io.netty.channel.nio.NioEventLoop - instrumented a special java.util.Set into: sun.nio.ch.WindowsSelectorImpl@4ef011d0
16:27:34.325 [TestNG-tests-1] TRACE io.netty.channel.nio.NioEventLoop - instrumented a special java.util.Set into: sun.nio.ch.WindowsSelectorImpl@1f4fc030
